<?xml version="1.0" encoding="UTF-8"?>
<testsuite name="com.board.HomeTest" tests="3" skipped="0" failures="0" errors="0" timestamp="2017-02-06T05:01:23" hostname="chan-ThinkPad-T440" time="2.685">
  <properties/>
  <testcase name="moveToPostViewTest" classname="com.board.HomeTest" time="0.98"/>
  <testcase name="moveToWriteTest" classname="com.board.HomeTest" time="0.454"/>
  <testcase name="homePostTest" classname="com.board.HomeTest" time="1.249"/>
  <system-out><![CDATA[2017-02-06 14:01:23.867  INFO 10200 --- [    Test worker] o.s.t.c.support.AbstractContextLoader    : Could not detect default resource locations for test class [com.board.HomeTest]: no resource found for suffixes {-context.xml, Context.groovy}.
2017-02-06 14:01:23.878  INFO 10200 --- [    Test worker] WebAppIntegrationTestContextBootstrapper : Loaded default TestExecutionListener class names from location [META-INF/spring.factories]: [org.springframework.boot.test.mock.mockito.MockitoTestExecutionListener, org.springframework.boot.test.mock.mockito.ResetMocksTestExecutionListener, org.springframework.boot.test.autoconfigure.restdocs.RestDocsTestExecutionListener, org.springframework.boot.test.autoconfigure.web.client.MockRestServiceServerResetTestExecutionListener, org.springframework.boot.test.autoconfigure.web.servlet.MockMvcPrintOnlyOnFailureTestExecutionListener, org.springframework.boot.test.autoconfigure.web.servlet.WebDriverTestExecutionListener, org.springframework.test.context.web.ServletTestExecutionListener, org.springframework.test.context.support.DirtiesContextBeforeModesTestExecutionListener, org.springframework.test.context.support.DependencyInjectionTestExecutionListener, org.springframework.test.context.support.DirtiesContextTestExecutionListener, org.springframework.test.context.transaction.TransactionalTestExecutionListener, org.springframework.test.context.jdbc.SqlScriptsTestExecutionListener]
2017-02-06 14:01:23.879  INFO 10200 --- [    Test worker] WebAppIntegrationTestContextBootstrapper : Using TestExecutionListeners: [org.springframework.test.context.web.ServletTestExecutionListener@3c670f8a, org.springframework.test.context.support.DirtiesContextBeforeModesTestExecutionListener@425d5698, org.springframework.test.context.support.DependencyInjectionTestExecutionListener@376760e0, org.springframework.test.context.support.DirtiesContextTestExecutionListener@6445e321, org.springframework.test.context.transaction.TransactionalTestExecutionListener@605aab7c, org.springframework.test.context.jdbc.SqlScriptsTestExecutionListener@489bd879, org.springframework.boot.test.autoconfigure.web.servlet.WebDriverTestExecutionListener@4477d1ea, org.springframework.boot.test.mock.mockito.MockitoTestExecutionListener@f607eae, org.springframework.boot.test.mock.mockito.ResetMocksTestExecutionListener@3ad42575, org.springframework.boot.test.autoconfigure.restdocs.RestDocsTestExecutionListener@2c1a6a46, org.springframework.boot.test.autoconfigure.web.servlet.MockMvcPrintOnlyOnFailureTestExecutionListener@569806ae, org.springframework.boot.test.autoconfigure.web.client.MockRestServiceServerResetTestExecutionListener@5a8187dd]
/home/chan/SpringBoard
2017-02-06 14:01:23.887  INFO 10200 --- [    Test worker] o.o.s.phantomjs.PhantomJSDriverService   : executable: /home/chan/SpringBoard/src/test/resources/phantomjs-2.1.1-linux-x86_64/bin/phantomjs
2017-02-06 14:01:23.887  INFO 10200 --- [    Test worker] o.o.s.phantomjs.PhantomJSDriverService   : port: 25475
2017-02-06 14:01:23.887  INFO 10200 --- [    Test worker] o.o.s.phantomjs.PhantomJSDriverService   : arguments: [--webdriver=25475, --webdriver-logfile=/home/chan/SpringBoard/phantomjsdriver.log]
2017-02-06 14:01:23.887  INFO 10200 --- [    Test worker] o.o.s.phantomjs.PhantomJSDriverService   : environment: {}
Hibernate: select post0_.id as id1_0_, post0_.content as content2_0_, post0_.date as date3_0_, post0_.hit as hit4_0_, post0_.nick as nick5_0_, post0_.subject as subject6_0_ from post post0_ order by post0_.id desc
Hibernate: select post0_.id as id1_0_, post0_.content as content2_0_, post0_.date as date3_0_, post0_.hit as hit4_0_, post0_.nick as nick5_0_, post0_.subject as subject6_0_ from post post0_ where post0_.id=?
Hibernate: update post set content=?, date=?, hit=?, nick=?, subject=? where id=?
/home/chan/SpringBoard
2017-02-06 14:01:24.867  INFO 10200 --- [    Test worker] o.o.s.phantomjs.PhantomJSDriverService   : executable: /home/chan/SpringBoard/src/test/resources/phantomjs-2.1.1-linux-x86_64/bin/phantomjs
2017-02-06 14:01:24.867  INFO 10200 --- [    Test worker] o.o.s.phantomjs.PhantomJSDriverService   : port: 26835
2017-02-06 14:01:24.867  INFO 10200 --- [    Test worker] o.o.s.phantomjs.PhantomJSDriverService   : arguments: [--webdriver=26835, --webdriver-logfile=/home/chan/SpringBoard/phantomjsdriver.log]
2017-02-06 14:01:24.867  INFO 10200 --- [    Test worker] o.o.s.phantomjs.PhantomJSDriverService   : environment: {}
Hibernate: select post0_.id as id1_0_, post0_.content as content2_0_, post0_.date as date3_0_, post0_.hit as hit4_0_, post0_.nick as nick5_0_, post0_.subject as subject6_0_ from post post0_ order by post0_.id desc
/home/chan/SpringBoard
2017-02-06 14:01:25.321  INFO 10200 --- [    Test worker] o.o.s.phantomjs.PhantomJSDriverService   : executable: /home/chan/SpringBoard/src/test/resources/phantomjs-2.1.1-linux-x86_64/bin/phantomjs
2017-02-06 14:01:25.321  INFO 10200 --- [    Test worker] o.o.s.phantomjs.PhantomJSDriverService   : port: 22564
2017-02-06 14:01:25.321  INFO 10200 --- [    Test worker] o.o.s.phantomjs.PhantomJSDriverService   : arguments: [--webdriver=22564, --webdriver-logfile=/home/chan/SpringBoard/phantomjsdriver.log]
2017-02-06 14:01:25.321  INFO 10200 --- [    Test worker] o.o.s.phantomjs.PhantomJSDriverService   : environment: {}
Hibernate: select post0_.id as id1_0_, post0_.content as content2_0_, post0_.date as date3_0_, post0_.hit as hit4_0_, post0_.nick as nick5_0_, post0_.subject as subject6_0_ from post post0_ order by post0_.id desc
]]></system-out>
  <system-err><![CDATA[[INFO  - 2017-02-06T05:01:23.980Z] GhostDriver - Main - running on port 25475
[INFO  - 2017-02-06T05:01:24.064Z] Session [4ec2eab0-ec29-11e6-9683-998fef7a198d] - page.settings - {"XSSAuditingEnabled":false,"javascriptCanCloseWindows":true,"javascriptCanOpenWindows":true,"javascriptEnabled":true,"loadImages":true,"localToRemoteUrlAccessEnabled":false,"userAgent":"Mozilla/5.0 (Unknown; Linux x86_64) AppleWebKit/538.1 (KHTML, like Gecko) PhantomJS/2.1.1 Safari/538.1","webSecurityEnabled":true}
[INFO  - 2017-02-06T05:01:24.064Z] Session [4ec2eab0-ec29-11e6-9683-998fef7a198d] - page.customHeaders:  - {}
[INFO  - 2017-02-06T05:01:24.064Z] Session [4ec2eab0-ec29-11e6-9683-998fef7a198d] - Session.negotiatedCapabilities - {"browserName":"phantomjs","version":"2.1.1","driverName":"ghostdriver","driverVersion":"1.2.0","platform":"linux-unknown-64bit","javascriptEnabled":true,"takesScreenshot":true,"handlesAlerts":false,"databaseEnabled":false,"locationContextEnabled":false,"applicationCacheEnabled":false,"browserConnectionEnabled":false,"cssSelectorsEnabled":true,"webStorageEnabled":false,"rotatable":false,"acceptSslCerts":false,"nativeEvents":true,"proxy":{"proxyType":"direct"}}
[INFO  - 2017-02-06T05:01:24.064Z] SessionManagerReqHand - _postNewSessionCommand - New Session Created: 4ec2eab0-ec29-11e6-9683-998fef7a198d
[INFO  - 2017-02-06T05:01:24.844Z] ShutdownReqHand - _handle - About to shutdown
[INFO  - 2017-02-06T05:01:24.947Z] GhostDriver - Main - running on port 26835
[INFO  - 2017-02-06T05:01:25.033Z] Session [4f569f30-ec29-11e6-a639-c93cc9216679] - page.settings - {"XSSAuditingEnabled":false,"javascriptCanCloseWindows":true,"javascriptCanOpenWindows":true,"javascriptEnabled":true,"loadImages":true,"localToRemoteUrlAccessEnabled":false,"userAgent":"Mozilla/5.0 (Unknown; Linux x86_64) AppleWebKit/538.1 (KHTML, like Gecko) PhantomJS/2.1.1 Safari/538.1","webSecurityEnabled":true}
[INFO  - 2017-02-06T05:01:25.033Z] Session [4f569f30-ec29-11e6-a639-c93cc9216679] - page.customHeaders:  - {}
[INFO  - 2017-02-06T05:01:25.033Z] Session [4f569f30-ec29-11e6-a639-c93cc9216679] - Session.negotiatedCapabilities - {"browserName":"phantomjs","version":"2.1.1","driverName":"ghostdriver","driverVersion":"1.2.0","platform":"linux-unknown-64bit","javascriptEnabled":true,"takesScreenshot":true,"handlesAlerts":false,"databaseEnabled":false,"locationContextEnabled":false,"applicationCacheEnabled":false,"browserConnectionEnabled":false,"cssSelectorsEnabled":true,"webStorageEnabled":false,"rotatable":false,"acceptSslCerts":false,"nativeEvents":true,"proxy":{"proxyType":"direct"}}
[INFO  - 2017-02-06T05:01:25.034Z] SessionManagerReqHand - _postNewSessionCommand - New Session Created: 4f569f30-ec29-11e6-a639-c93cc9216679
[INFO  - 2017-02-06T05:01:25.299Z] ShutdownReqHand - _handle - About to shutdown
[INFO  - 2017-02-06T05:01:25.400Z] GhostDriver - Main - running on port 22564
[INFO  - 2017-02-06T05:01:25.485Z] Session [4f9bbe80-ec29-11e6-bb7b-b7737a481fad] - page.settings - {"XSSAuditingEnabled":false,"javascriptCanCloseWindows":true,"javascriptCanOpenWindows":true,"javascriptEnabled":true,"loadImages":true,"localToRemoteUrlAccessEnabled":false,"userAgent":"Mozilla/5.0 (Unknown; Linux x86_64) AppleWebKit/538.1 (KHTML, like Gecko) PhantomJS/2.1.1 Safari/538.1","webSecurityEnabled":true}
[INFO  - 2017-02-06T05:01:25.485Z] Session [4f9bbe80-ec29-11e6-bb7b-b7737a481fad] - page.customHeaders:  - {}
[INFO  - 2017-02-06T05:01:25.485Z] Session [4f9bbe80-ec29-11e6-bb7b-b7737a481fad] - Session.negotiatedCapabilities - {"browserName":"phantomjs","version":"2.1.1","driverName":"ghostdriver","driverVersion":"1.2.0","platform":"linux-unknown-64bit","javascriptEnabled":true,"takesScreenshot":true,"handlesAlerts":false,"databaseEnabled":false,"locationContextEnabled":false,"applicationCacheEnabled":false,"browserConnectionEnabled":false,"cssSelectorsEnabled":true,"webStorageEnabled":false,"rotatable":false,"acceptSslCerts":false,"nativeEvents":true,"proxy":{"proxyType":"direct"}}
[INFO  - 2017-02-06T05:01:25.485Z] SessionManagerReqHand - _postNewSessionCommand - New Session Created: 4f9bbe80-ec29-11e6-bb7b-b7737a481fad
[INFO  - 2017-02-06T05:01:26.549Z] ShutdownReqHand - _handle - About to shutdown
]]></system-err>
</testsuite>
